
> ai-sdk-slack-chatbot@1.0.0 build:admin /Users/hamadriaz/Documents/codebase/ai-sdk-slackbot
> cd admin && pnpm build


> admin-ui@0.1.0 build /Users/hamadriaz/Documents/codebase/ai-sdk-slackbot/admin
> next build

 ⚠ You are using a non-standard "NODE_ENV" value in your environment. This creates inconsistencies in the project and is strongly advised against. Read more: https://nextjs.org/docs/messages/non-standard-node-env
   ▲ Next.js 15.5.6

   Creating an optimized production build ...
 ✓ Compiled successfully in 2.9s
   Linting and checking validity of types ...
   Collecting page data ...
   Generating static pages (0/2) ...
Error: <Html> should not be imported outside of pages/_document.
Read more: https://nextjs.org/docs/messages/no-document-import-in-page
    at x (.next/server/chunks/823.js:6:1351)
Error occurred prerendering page "/500". Read more: https://nextjs.org/docs/messages/prerender-error
Error: <Html> should not be imported outside of pages/_document.
Read more: https://nextjs.org/docs/messages/no-document-import-in-page
    at x (.next/server/chunks/823.js:6:1351)
Export encountered an error on /_error: /500, exiting the build.
 ⨯ Next.js build worker exited with code: 1 and signal: null
 ELIFECYCLE  Command failed with exit code 1.
 ELIFECYCLE  Command failed with exit code 1.
